<?xml version="1.0" encoding="UTF-8"?>
<testsuite xmlns:xsi="http://www.w3.org/2001/XMLSchema-instance" xsi:noNamespaceSchemaLocation="https://maven.apache.org/surefire/maven-surefire-plugin/xsd/surefire-test-report-3.0.xsd" version="3.0" name="com.catan.model.VertexCoordinateTest" time="0.009" tests="7" errors="0" skipped="0" failures="0">
  <properties>
[...]
</properties>
  <testcase name="testVertexCoordinateToString" classname="com.catan.model.VertexCoordinateTest" time="0.001"/>
  <testcase name="testGetAdjacentEdges" classname="com.catan.model.VertexCoordinateTest" time="0"/>
  <testcase name="testGetAdjacentHexes" classname="com.catan.model.VertexCoordinateTest" time="0"/>
  <testcase name="testVertexValidation" classname="com.catan.model.VertexCoordinateTest" time="0.001"/>
  <testcase name="testVertexCoordinateEquality" classname="com.catan.model.VertexCoordinateTest" time="0"/>
  <testcase name="testToPixelPosition" classname="com.catan.model.VertexCoordinateTest" time="0"/>
  <testcase name="testVertexCoordinateCreation" classname="com.catan.model.VertexCoordinateTest" time="0.001"/>
</testsuite>